<?xml version="1.0" encoding="UTF-8"?>
<testng-results total="2" passed="2" failed="0" skipped="0">
  <reporter-output>
  </reporter-output>
  <suite started-at="2022-11-29T11:13:06Z" name="Default suite" finished-at="2022-11-29T11:13:50Z" duration-ms="43607">
    <groups>
    </groups>
    <test started-at="2022-11-29T11:13:06Z" name="Default test" finished-at="2022-11-29T11:13:50Z" duration-ms="43607">
      <class name="automation_casestudy.testng">
        <test-method signature="tc()[pri:0, instance:automation_casestudy.testng@3bd323e9]" started-at="2022-11-29T16:43:06Z" name="tc" finished-at="2022-11-29T16:43:18Z" duration-ms="12145" status="PASS">
          <reporter-output>
          </reporter-output>
        </test-method> <!-- tc -->
        <test-method signature="tc1()[pri:0, instance:automation_casestudy.testng@3bd323e9]" started-at="2022-11-29T16:43:18Z" name="tc1" finished-at="2022-11-29T16:43:50Z" duration-ms="31422" status="PASS">
          <reporter-output>
          </reporter-output>
        </test-method> <!-- tc1 -->
      </class> <!-- automation_casestudy.testng -->
    </test> <!-- Default test -->
  </suite> <!-- Default suite -->
</testng-results>
